# JRE version: OpenJDK Runtime Environment GraalVM CE 22.3.0 (17.0.5+8) (build 17.0.5+8-jvmci-22.3-b08)
# Java VM: OpenJDK 64-Bit Server VM GraalVM CE 22.3.0 (17.0.5+8-jvmci-22.3-b08, mixed mode, sharing, tiered, jvmci, jvmci compiler, compressed oops, compressed class ptrs, parallel gc, linux-amd64)
GC Precious Log:
 CPUs: 8 total, 1 available
 Memory: 1024M
 Large Page Support: Disabled
 NUMA Support: Disabled
 Compressed Oops: Enabled (32-bit)
 Alignments: Space 512K, Generation 512K, Heap 2M
 Heap Min Capacity: 100M
 Heap Initial Capacity: 100M
 Heap Max Capacity: 512M
 Pre-touch: Disabled
 Parallel Workers: 1
Heap:
 PSYoungGen      total 37888K, used 27648K [0x00000000f5580000, 0x00000000f8680000, 0x0000000100000000)
  eden space 27648K, 100% used [0x00000000f5580000,0x00000000f7080000,0x00000000f7080000)
  from space 10240K, 0% used [0x00000000f7080000,0x00000000f7080000,0x00000000f7a80000)
  to   space 10240K, 0% used [0x00000000f7a80000,0x00000000f7a80000,0x00000000f8480000)
 ParOldGen       total 349696K, used 349693K [0x00000000e0000000, 0x00000000f5580000, 0x00000000f5580000)
  object space 349696K, 99% used [0x00000000e0000000,0x00000000f557f6c0,0x00000000f5580000)
 Metaspace       used 61244K, committed 62528K, reserved 1105920K
  class space    used 6033K, committed 6528K, reserved 1048576K
GC Heap History (20 events):
Event: 954.046 GC heap before
{Heap before GC invocations=692 (full 593):
 PSYoungGen      total 37888K, used 27647K [0x00000000f5580000, 0x00000000f8680000, 0x0000000100000000)
  eden space 27648K, 99% used [0x00000000f5580000,0x00000000f707fff8,0x00000000f7080000)
  from space 10240K, 0% used [0x00000000f7080000,0x00000000f7080000,0x00000000f7a80000)
  to   space 10240K, 0% used [0x00000000f7a80000,0x00000000f7a80000,0x00000000f8480000)
 ParOldGen       total 349696K, used 349695K [0x00000000e0000000, 0x00000000f5580000, 0x00000000f5580000)
  object space 349696K, 99% used [0x00000000e0000000,0x00000000f557fd08,0x00000000f5580000)
 Metaspace       used 61244K, committed 62528K, reserved 1105920K
  class space    used 6033K, committed 6528K, reserved 1048576K
}
Event: 955.512 GC heap after
{Heap after GC invocations=692 (full 593):
 PSYoungGen      total 37888K, used 27647K [0x00000000f5580000, 0x00000000f8680000, 0x0000000100000000)
  eden space 27648K, 99% used [0x00000000f5580000,0x00000000f707ffc0,0x00000000f7080000)
  from space 10240K, 0% used [0x00000000f7a80000,0x00000000f7a80000,0x00000000f8480000)
  to   space 10240K, 0% used [0x00000000f7080000,0x00000000f7080000,0x00000000f7a80000)
 ParOldGen       total 349696K, used 349694K [0x00000000e0000000, 0x00000000f5580000, 0x00000000f5580000)
  object space 349696K, 99% used [0x00000000e0000000,0x00000000f557f8a0,0x00000000f5580000)
 Metaspace       used 61244K, committed 62528K, reserved 1105920K
  class space    used 6033K, committed 6528K, reserved 1048576K
}
Event: 955.513 GC heap before
{Heap before GC invocations=693 (full 594):
 PSYoungGen      total 37888K, used 27647K [0x00000000f5580000, 0x00000000f8680000, 0x0000000100000000)
  eden space 27648K, 99% used [0x00000000f5580000,0x00000000f707fff0,0x00000000f7080000)
  from space 10240K, 0% used [0x00000000f7a80000,0x00000000f7a80000,0x00000000f8480000)
  to   space 10240K, 0% used [0x00000000f7080000,0x00000000f7080000,0x00000000f7a80000)
 ParOldGen       total 349696K, used 349694K [0x00000000e0000000, 0x00000000f5580000, 0x00000000f5580000)
  object space 349696K, 99% used [0x00000000e0000000,0x00000000f557f8a0,0x00000000f5580000)
 Metaspace       used 61244K, committed 62528K, reserved 1105920K
  class space    used 6033K, committed 6528K, reserved 1048576K
}
Event: 956.909 GC heap after
{Heap after GC invocations=693 (full 594):
 PSYoungGen      total 37888K, used 27647K [0x00000000f5580000, 0x00000000f8680000, 0x0000000100000000)
  eden space 27648K, 99% used [0x00000000f5580000,0x00000000f707fff0,0x00000000f7080000)
  from space 10240K, 0% used [0x00000000f7080000,0x00000000f7080000,0x00000000f7a80000)
  to   space 10240K, 0% used [0x00000000f7a80000,0x00000000f7a80000,0x00000000f8480000)
 ParOldGen       total 349696K, used 349694K [0x00000000e0000000, 0x00000000f5580000, 0x00000000f5580000)
  object space 349696K, 99% used [0x00000000e0000000,0x00000000f557f8a0,0x00000000f5580000)
 Metaspace       used 61244K, committed 62528K, reserved 1105920K
  class space    used 6033K, committed 6528K, reserved 1048576K
}
Event: 956.910 GC heap before
{Heap before GC invocations=694 (full 595):
 PSYoungGen      total 37888K, used 27648K [0x00000000f5580000, 0x00000000f8680000, 0x0000000100000000)
  eden space 27648K, 100% used [0x00000000f5580000,0x00000000f7080000,0x00000000f7080000)
  from space 10240K, 0% used [0x00000000f7080000,0x00000000f7080000,0x00000000f7a80000)
  to   space 10240K, 0% used [0x00000000f7a80000,0x00000000f7a80000,0x00000000f8480000)
 ParOldGen       total 349696K, used 349695K [0x00000000e0000000, 0x00000000f5580000, 0x00000000f5580000)
  object space 349696K, 99% used [0x00000000e0000000,0x00000000f557fff8,0x00000000f5580000)
 Metaspace       used 61244K, committed 62528K, reserved 1105920K
  class space    used 6033K, committed 6528K, reserved 1048576K
}
Event: 958.251 GC heap after
{Heap after GC invocations=694 (full 595):
 PSYoungGen      total 37888K, used 27647K [0x00000000f5580000, 0x00000000f8680000, 0x0000000100000000)
  eden space 27648K, 99% used [0x00000000f5580000,0x00000000f707ffd8,0x00000000f7080000)
  from space 10240K, 0% used [0x00000000f7a80000,0x00000000f7a80000,0x00000000f8480000)
  to   space 10240K, 0% used [0x00000000f7080000,0x00000000f7080000,0x00000000f7a80000)
 ParOldGen       total 349696K, used 349695K [0x00000000e0000000, 0x00000000f5580000, 0x00000000f5580000)
  object space 349696K, 99% used [0x00000000e0000000,0x00000000f557fd30,0x00000000f5580000)
 Metaspace       used 61244K, committed 62528K, reserved 1105920K
  class space    used 6033K, committed 6528K, reserved 1048576K
}
Event: 958.251 GC heap before
{Heap before GC invocations=695 (full 596):
 PSYoungGen      total 37888K, used 27647K [0x00000000f5580000, 0x00000000f8680000, 0x0000000100000000)
  eden space 27648K, 99% used [0x00000000f5580000,0x00000000f707fff0,0x00000000f7080000)
  from space 10240K, 0% used [0x00000000f7a80000,0x00000000f7a80000,0x00000000f8480000)
  to   space 10240K, 0% used [0x00000000f7080000,0x00000000f7080000,0x00000000f7a80000)
 ParOldGen       total 349696K, used 349695K [0x00000000e0000000, 0x00000000f5580000, 0x00000000f5580000)
  object space 349696K, 99% used [0x00000000e0000000,0x00000000f557ff78,0x00000000f5580000)
 Metaspace       used 61244K, committed 62528K, reserved 1105920K
  class space    used 6033K, committed 6528K, reserved 1048576K
}
Event: 959.556 GC heap after
{Heap after GC invocations=695 (full 596):
 PSYoungGen      total 37888K, used 27647K [0x00000000f5580000, 0x00000000f8680000, 0x0000000100000000)
  eden space 27648K, 99% used [0x00000000f5580000,0x00000000f707fff0,0x00000000f7080000)
  from space 10240K, 0% used [0x00000000f7080000,0x00000000f7080000,0x00000000f7a80000)
  to   space 10240K, 0% used [0x00000000f7a80000,0x00000000f7a80000,0x00000000f8480000)
 ParOldGen       total 349696K, used 349695K [0x00000000e0000000, 0x00000000f5580000, 0x00000000f5580000)
  object space 349696K, 99% used [0x00000000e0000000,0x00000000f557ff78,0x00000000f5580000)
 Metaspace       used 61244K, committed 62528K, reserved 1105920K
  class space    used 6033K, committed 6528K, reserved 1048576K
}
Event: 959.556 GC heap before
{Heap before GC invocations=696 (full 597):
 PSYoungGen      total 37888K, used 27647K [0x00000000f5580000, 0x00000000f8680000, 0x0000000100000000)
  eden space 27648K, 99% used [0x00000000f5580000,0x00000000f707fff0,0x00000000f7080000)
  from space 10240K, 0% used [0x00000000f7080000,0x00000000f7080000,0x00000000f7a80000)
  to   space 10240K, 0% used [0x00000000f7a80000,0x00000000f7a80000,0x00000000f8480000)
 ParOldGen       total 349696K, used 349695K [0x00000000e0000000, 0x00000000f5580000, 0x00000000f5580000)
  object space 349696K, 99% used [0x00000000e0000000,0x00000000f557ff78,0x00000000f5580000)
 Metaspace       used 61244K, committed 62528K, reserved 1105920K
  class space    used 6033K, committed 6528K, reserved 1048576K
}
Event: 960.971 GC heap after
{Heap after GC invocations=696 (full 597):
 PSYoungGen      total 37888K, used 27647K [0x00000000f5580000, 0x00000000f8680000, 0x0000000100000000)
  eden space 27648K, 99% used [0x00000000f5580000,0x00000000f707ff48,0x00000000f7080000)
  from space 10240K, 0% used [0x00000000f7a80000,0x00000000f7a80000,0x00000000f8480000)
  to   space 10240K, 0% used [0x00000000f7080000,0x00000000f7080000,0x00000000f7a80000)
 ParOldGen       total 349696K, used 349695K [0x00000000e0000000, 0x00000000f5580000, 0x00000000f5580000)
  object space 349696K, 99% used [0x00000000e0000000,0x00000000f557fc70,0x00000000f5580000)
 Metaspace       used 61244K, committed 62528K, reserved 1105920K
  class space    used 6033K, committed 6528K, reserved 1048576K
}
Event: 960.972 GC heap before
{Heap before GC invocations=697 (full 598):
 PSYoungGen      total 37888K, used 27647K [0x00000000f5580000, 0x00000000f8680000, 0x0000000100000000)
  eden space 27648K, 99% used [0x00000000f5580000,0x00000000f707fff8,0x00000000f7080000)
  from space 10240K, 0% used [0x00000000f7a80000,0x00000000f7a80000,0x00000000f8480000)
  to   space 10240K, 0% used [0x00000000f7080000,0x00000000f7080000,0x00000000f7a80000)
 ParOldGen       total 349696K, used 349695K [0x00000000e0000000, 0x00000000f5580000, 0x00000000f5580000)
  object space 349696K, 99% used [0x00000000e0000000,0x00000000f557fde8,0x00000000f5580000)
 Metaspace       used 61244K, committed 62528K, reserved 1105920K
  class space    used 6033K, committed 6528K, reserved 1048576K
}
Event: 962.406 GC heap after
{Heap after GC invocations=697 (full 598):
 PSYoungGen      total 37888K, used 27647K [0x00000000f5580000, 0x00000000f8680000, 0x0000000100000000)
  eden space 27648K, 99% used [0x00000000f5580000,0x00000000f707ff50,0x00000000f7080000)
  from space 10240K, 0% used [0x00000000f7080000,0x00000000f7080000,0x00000000f7a80000)
  to   space 10240K, 0% used [0x00000000f7a80000,0x00000000f7a80000,0x00000000f8480000)
 ParOldGen       total 349696K, used 349693K [0x00000000e0000000, 0x00000000f5580000, 0x00000000f5580000)
  object space 349696K, 99% used [0x00000000e0000000,0x00000000f557f468,0x00000000f5580000)
 Metaspace       used 61244K, committed 62528K, reserved 1105920K
  class space    used 6033K, committed 6528K, reserved 1048576K
}
Event: 962.412 GC heap before
{Heap before GC invocations=698 (full 599):
 PSYoungGen      total 37888K, used 27648K [0x00000000f5580000, 0x00000000f8680000, 0x0000000100000000)
  eden space 27648K, 100% used [0x00000000f5580000,0x00000000f7080000,0x00000000f7080000)
  from space 10240K, 0% used [0x00000000f7080000,0x00000000f7080000,0x00000000f7a80000)
  to   space 10240K, 0% used [0x00000000f7a80000,0x00000000f7a80000,0x00000000f8480000)
 ParOldGen       total 349696K, used 349693K [0x00000000e0000000, 0x00000000f5580000, 0x00000000f5580000)
  object space 349696K, 99% used [0x00000000e0000000,0x00000000f557f468,0x00000000f5580000)
 Metaspace       used 61244K, committed 62528K, reserved 1105920K
  class space    used 6033K, committed 6528K, reserved 1048576K
}
Event: 963.743 GC heap after
{Heap after GC invocations=698 (full 599):
 PSYoungGen      total 37888K, used 27647K [0x00000000f5580000, 0x00000000f8680000, 0x0000000100000000)
  eden space 27648K, 99% used [0x00000000f5580000,0x00000000f707ff60,0x00000000f7080000)
  from space 10240K, 0% used [0x00000000f7a80000,0x00000000f7a80000,0x00000000f8480000)
  to   space 10240K, 0% used [0x00000000f7080000,0x00000000f7080000,0x00000000f7a80000)
 ParOldGen       total 349696K, used 349689K [0x00000000e0000000, 0x00000000f5580000, 0x00000000f5580000)
  object space 349696K, 99% used [0x00000000e0000000,0x00000000f557e768,0x00000000f5580000)
 Metaspace       used 61244K, committed 62528K, reserved 1105920K
  class space    used 6033K, committed 6528K, reserved 1048576K
}
Event: 963.745 GC heap before
{Heap before GC invocations=699 (full 600):
 PSYoungGen      total 37888K, used 27647K [0x00000000f5580000, 0x00000000f8680000, 0x0000000100000000)
  eden space 27648K, 99% used [0x00000000f5580000,0x00000000f707ff88,0x00000000f7080000)
  from space 10240K, 0% used [0x00000000f7a80000,0x00000000f7a80000,0x00000000f8480000)
  to   space 10240K, 0% used [0x00000000f7080000,0x00000000f7080000,0x00000000f7a80000)
 ParOldGen       total 349696K, used 349689K [0x00000000e0000000, 0x00000000f5580000, 0x00000000f5580000)
  object space 349696K, 99% used [0x00000000e0000000,0x00000000f557e768,0x00000000f5580000)
 Metaspace       used 61244K, committed 62528K, reserved 1105920K
  class space    used 6033K, committed 6528K, reserved 1048576K
}
Event: 965.073 GC heap after
{Heap after GC invocations=699 (full 600):
 PSYoungGen      total 37888K, used 27647K [0x00000000f5580000, 0x00000000f8680000, 0x0000000100000000)
  eden space 27648K, 99% used [0x00000000f5580000,0x00000000f707ff78,0x00000000f7080000)
  from space 10240K, 0% used [0x00000000f7080000,0x00000000f7080000,0x00000000f7a80000)
  to   space 10240K, 0% used [0x00000000f7a80000,0x00000000f7a80000,0x00000000f8480000)
 ParOldGen       total 349696K, used 349689K [0x00000000e0000000, 0x00000000f5580000, 0x00000000f5580000)
  object space 349696K, 99% used [0x00000000e0000000,0x00000000f557e768,0x00000000f5580000)
 Metaspace       used 61244K, committed 62528K, reserved 1105920K
  class space    used 6033K, committed 6528K, reserved 1048576K
}
Event: 965.073 GC heap before
{Heap before GC invocations=700 (full 601):
 PSYoungGen      total 37888K, used 27648K [0x00000000f5580000, 0x00000000f8680000, 0x0000000100000000)
  eden space 27648K, 100% used [0x00000000f5580000,0x00000000f7080000,0x00000000f7080000)
  from space 10240K, 0% used [0x00000000f7080000,0x00000000f7080000,0x00000000f7a80000)
  to   space 10240K, 0% used [0x00000000f7a80000,0x00000000f7a80000,0x00000000f8480000)
 ParOldGen       total 349696K, used 349694K [0x00000000e0000000, 0x00000000f5580000, 0x00000000f5580000)
  object space 349696K, 99% used [0x00000000e0000000,0x00000000f557fae0,0x00000000f5580000)
 Metaspace       used 61244K, committed 62528K, reserved 1105920K
  class space    used 6033K, committed 6528K, reserved 1048576K
}
Event: 966.524 GC heap after
{Heap after GC invocations=700 (full 601):
 PSYoungGen      total 37888K, used 27647K [0x00000000f5580000, 0x00000000f8680000, 0x0000000100000000)
  eden space 27648K, 99% used [0x00000000f5580000,0x00000000f707ffe0,0x00000000f7080000)
  from space 10240K, 0% used [0x00000000f7a80000,0x00000000f7a80000,0x00000000f8480000)
  to   space 10240K, 0% used [0x00000000f7080000,0x00000000f7080000,0x00000000f7a80000)
 ParOldGen       total 349696K, used 349693K [0x00000000e0000000, 0x00000000f5580000, 0x00000000f5580000)
  object space 349696K, 99% used [0x00000000e0000000,0x00000000f557f5e0,0x00000000f5580000)
 Metaspace       used 61244K, committed 62528K, reserved 1105920K
  class space    used 6033K, committed 6528K, reserved 1048576K
}
Event: 966.524 GC heap before
{Heap before GC invocations=701 (full 602):
 PSYoungGen      total 37888K, used 27647K [0x00000000f5580000, 0x00000000f8680000, 0x0000000100000000)
  eden space 27648K, 99% used [0x00000000f5580000,0x00000000f707ffe0,0x00000000f7080000)
  from space 10240K, 0% used [0x00000000f7a80000,0x00000000f7a80000,0x00000000f8480000)
  to   space 10240K, 0% used [0x00000000f7080000,0x00000000f7080000,0x00000000f7a80000)
 ParOldGen       total 349696K, used 349693K [0x00000000e0000000, 0x00000000f5580000, 0x00000000f5580000)
  object space 349696K, 99% used [0x00000000e0000000,0x00000000f557f5e0,0x00000000f5580000)
 Metaspace       used 61244K, committed 62528K, reserved 1105920K
  class space    used 6033K, committed 6528K, reserved 1048576K
}
Event: 967.883 GC heap after
{Heap after GC invocations=701 (full 602):
 PSYoungGen      total 37888K, used 27647K [0x00000000f5580000, 0x00000000f8680000, 0x0000000100000000)
  eden space 27648K, 99% used [0x00000000f5580000,0x00000000f707ffe0,0x00000000f7080000)
  from space 10240K, 0% used [0x00000000f7080000,0x00000000f7080000,0x00000000f7a80000)
  to   space 10240K, 0% used [0x00000000f7a80000,0x00000000f7a80000,0x00000000f8480000)
 ParOldGen       total 349696K, used 349693K [0x00000000e0000000, 0x00000000f5580000, 0x00000000f5580000)
  object space 349696K, 99% used [0x00000000e0000000,0x00000000f557f5e0,0x00000000f5580000)
 Metaspace       used 61244K, committed 62528K, reserved 1105920K
  class space    used 6033K, committed 6528K, reserved 1048576K
}

